<?xml version="1.0" encoding="UTF-8"?>
<testng-results ignored="0" total="1" passed="1" failed="0" skipped="0">
  <reporter-output>
  </reporter-output>
  <suite started-at="2026-04-03T16:04:09 GMT+07:00" name="Surefire suite" finished-at="2026-04-03T16:04:21 GMT+07:00" duration-ms="11384">
    <groups>
    </groups>
    <test started-at="2026-04-03T16:04:09 GMT+07:00" name="Surefire test" finished-at="2026-04-03T16:04:21 GMT+07:00" duration-ms="11384">
      <class name="tests.LoginTest">
        <test-method is-config="true" signature="setup(java.lang.String)[pri:0, instance:tests.LoginTest@4a22f9e2]" started-at="2026-04-03T16:04:10 GMT+07:00" name="setup" finished-at="2026-04-03T16:04:20 GMT+07:00" duration-ms="10365" status="PASS">
          <params>
            <param index="0">
              <value>
                <![CDATA[chrome]]>
              </value>
            </param>
          </params>
          <reporter-output>
          </reporter-output>
        </test-method> <!-- setup -->
        <test-method signature="testLoginSuccess()[pri:0, instance:tests.LoginTest@4a22f9e2]" started-at="2026-04-03T16:04:20 GMT+07:00" name="testLoginSuccess" finished-at="2026-04-03T16:04:20 GMT+07:00" duration-ms="512" status="PASS">
          <reporter-output>
          </reporter-output>
        </test-method> <!-- testLoginSuccess -->
        <test-method is-config="true" signature="tearDown()[pri:0, instance:tests.LoginTest@4a22f9e2]" started-at="2026-04-03T16:04:20 GMT+07:00" name="tearDown" finished-at="2026-04-03T16:04:21 GMT+07:00" duration-ms="448" status="PASS">
          <reporter-output>
          </reporter-output>
        </test-method> <!-- tearDown -->
      </class> <!-- tests.LoginTest -->
    </test> <!-- Surefire test -->
  </suite> <!-- Surefire suite -->
</testng-results>
